{"name": "test_login_with_valid_credentials", "status": "failed", "statusDetails": {"message": "AssertionError: assert 'Home Page - ...rvigistics 14' == 'Home Page - ...vigistics 141'\n  \n  - Home Page - PTC Inc. - Servigistics 141\n  ?                                       -\n  + Home Page - PTC Inc. - Servigistics 14", "trace": "self = <testCases.test_login_page.TestLoginPage object at 0x000001FFC101AFA0>, setup = <selenium.webdriver.chrome.webdriver.WebDriver (session=\"91a2cda2b54253f1a39138f16cb4d1f5\")>\n\n    def test_login_with_valid_credentials(self, setup):\n        self.log.debug(\"****************** test_login_with_valid_credentials *******************\")\n        self.driver = setup\n        self.log.debug(\"Opening the application URL\")\n        self.driver.get(self.base_url)\n        self.lp = LoginPage(self.driver)\n        self.log.debug(\"Enter valid username\")\n        self.lp.enter_username(self.username)\n        self.log.debug(\"Enter valid password\")\n        self.lp.enter_password(self.password)\n        self.log.debug(\"Click Sign In Button\")\n        self.lp.click_sign_in_button()\n    \n        self.log.debug(\"Validating the title of the Home Page\")\n>       assert self.driver.title == \"Home Page - PTC Inc. - Servigistics 141\"\nE       AssertionError: assert 'Home Page - ...rvigistics 14' == 'Home Page - ...vigistics 141'\nE         \nE         - Home Page - PTC Inc. - Servigistics 141\nE         ?                                       -\nE         + Home Page - PTC Inc. - Servigistics 14\n\ntestCases\\test_login_page.py:49: AssertionError"}, "attachments": [{"name": "log", "source": "0ed2384e-fc10-451e-90d6-0620279efdc8-attachment.txt", "type": "text/plain"}], "start": 1728303671837, "stop": 1728303678924, "uuid": "282fd62e-75b6-464f-b41c-724109bfd144", "historyId": "d9505c8c9b835341c4a8d2ba2e1e20a8", "testCaseId": "d9505c8c9b835341c4a8d2ba2e1e20a8", "fullName": "testCases.test_login_page.TestLoginPage#test_login_with_valid_credentials", "labels": [{"name": "tag", "value": "@pytest.mark.usefixtures('tear_down')"}, {"name": "parentSuite", "value": "testCases"}, {"name": "suite", "value": "test_login_page"}, {"name": "subSuite", "value": "TestLoginPage"}, {"name": "host", "value": "KBUDAKOTI2L"}, {"name": "thread", "value": "24184-MainThread"}, {"name": "framework", "value": "pytest"}, {"name": "language", "value": "cpython3"}, {"name": "package", "value": "testCases.test_login_page"}]}